[2025-10-11 16:48:10] Request received.
[2025-10-11 16:48:10] Request data: Array
(
    [fecha] => 2025-10-13
    [entidad_id] => unlam
    [aula_id] => 3
    [carrera] => desarrollo de soft
    [anio] => 2
    [materia] => c
    [profesor] => pepepito
    [hora_inicio] => 10:00
    [hora_fin] => 12:00
    [telefono_contacto] => 123123123
    [comentarios] => ninguno
)

[2025-10-11 16:50:31] Request received.
[2025-10-11 16:50:31] Request data: Array
(
    [fecha] => 2025-10-13
    [entidad_id] => 1
    [aula_id] => 3
    [carrera] => desarrollo
    [anio] => 2
    [materia] => c
    [profesor] => pepeito
    [hora_inicio] => 10:00
    [hora_fin] => 12:00
    [telefono_contacto] => 123123123
    [comentarios] => guarda ya zorra
)

[2025-10-11 16:50:31] Reservation saved successfully.
[2025-10-11 17:23:05] Request received.
[2025-10-11 17:23:05] Request data: Array
(
    [tipo_reserva] => Laboratorio
    [fecha] => 2025-10-15
    [entidad_id] => 5
    [aula_id] => aula 3
    [carrera] => desarrollo
    [anio] => 2
    [materia] => c
    [profesor] => asdasd
    [hora_inicio] => 10:00
    [hora_fin] => 00:00
    [telefono_contacto] => 123123123
    [comentarios] => asdasdasd
)

[2025-10-11 17:49:04] Request received.
[2025-10-11 17:49:04] Request data: Array
(
    [tipo_reserva] => Laboratorio
    [fecha] => 2025-10-16
    [entidad_id] => 3
    [aula_id] => 1
    [carrera] => asd
    [anio] => 1
    [materia] => asd
    [profesor] => asdfas
    [hora_inicio] => 20:00
    [hora_fin] => 13:00
    [telefono_contacto] => 1231231243
    [comentarios] => ninguno
)

[2025-10-11 17:49:04] Reservation saved successfully.
[2025-10-11 17:52:00] Request received.
[2025-10-11 17:52:00] Request data: Array
(
    [tipo_reserva] => Aula
    [fecha] => 2025-10-16
    [entidad_id] => 6
    [aula_id] => 1
    [carrera] => sdasd
    [anio] => 3
    [materia] => asdasdf
    [profesor] => asdasfd
    [hora_inicio] => 09:00
    [hora_fin] => 12:00
    [telefono_contacto] => 112431234
    [comentarios] => ninguno
)

[2025-10-11 17:52:00] Reservation saved successfully.
[2025-10-11 18:05:19] Request received.
[2025-10-11 18:05:19] Request data: Array
(
    [tipo_reserva] => Laboratorio
    [fecha] => 2025-10-16
    [entidad_id] => 3
    [aula_id] => 1
    [carrera] => asd
    [anio] => 1
    [materia] => asfa
    [profesor] => gfdsds
    [hora_inicio] => 10:00
    [hora_fin] => 13:00
    [telefono_contacto] => 123123
    [comentarios] => 
)

[2025-10-11 18:05:20] Reservation saved successfully.
[2025-10-11 18:10:30] Request received.
[2025-10-11 18:10:30] Request data: Array
(
    [tipo_reserva] => Laboratorio
    [fecha] => 2025-10-08
    [entidad_id] => 5
    [aula_id] => 1
    [cantidad_pc] => 4
    [carrera] => asd
    [anio] => 2
    [materia] => qwe
    [profesor] => sdfsfdg
    [hora_inicio] => 10:00
    [hora_fin] => 11:00
    [telefono_contacto] => 1231231
    [comentarios] => 
)

[2025-10-11 18:10:30] Reservation saved successfully.
[2025-10-11 18:18:58] Request received.
[2025-10-11 18:18:58] Request data: Array
(
    [tipo_reserva] => Laboratorio Ambulante
    [fecha] => 2025-10-23
    [entidad_id] => 6
    [aula_id] => 1
    [cantidad_pc] => 5
    [carrera] => qwqe
    [anio] => 3
    [materia] => qwefd
    [profesor] => ergfergfer
    [hora_inicio] => 10:05
    [hora_fin] => 12:15
    [telefono_contacto] => 23423521341
    [comentarios] => 
)

[2025-10-11 18:18:59] Reservation saved successfully.
[2025-10-11 18:19:35] Request received.
[2025-10-11 18:19:35] Request data: Array
(
    [tipo_reserva] => Kit TV
    [fecha] => 2025-10-24
    [entidad_id] => 6
    [aula_id] => 5
    [carrera] => dwfwefwe
    [anio] => 1
    [materia] => sadqwedx
    [profesor] => werfwef
    [hora_inicio] => 16:00
    [hora_fin] => 18:00
    [telefono_contacto] => 13241414
    [comentarios] => 
)

[2025-10-11 18:19:35] Reservation saved successfully.
[2025-10-14 09:35:54] Request received.
[2025-10-14 09:35:54] Request data: Array
(
    [tipo_reserva] => Laboratorio Ambulante
    [fecha] => 2025-10-17
    [entidad_id] => 3
    [aula_id] => 8
    [cantidad_pc] => 10
    [carrera] => asd
    [anio] => 2
    [materia] => asdasdf
    [profesor] => pep
    [hora_inicio] => 08:00
    [hora_fin] => 10:00
    [telefono_contacto] => 12123111
    [comentarios] => 
)

[2025-10-14 09:35:54] Reservation saved successfully.
[2025-10-14 09:44:24] Request received.
[2025-10-14 09:44:24] Request data: Array
(
    [tipo_reserva] => Laboratorio Ambulante
    [fecha] => 2025-10-16
    [entidad_id] => 3
    [aula_id] => 13
    [cantidad_pc] => 12
    [carrera] => asasf
    [anio] => 3
    [materia] => sadasfd
    [profesor] => asdas
    [hora_inicio] => 16:00
    [hora_fin] => 18:00
    [telefono_contacto] => 34111
    [comentarios] => 
)

[2025-10-14 09:44:24] Reservation saved successfully.
[2025-10-14 10:04:51] Request received.
[2025-10-14 10:04:51] Request data: Array
(
    [tipo_reserva] => Laboratorio Ambulante
    [fecha] => 2025-10-16
    [entidad_id] => 6
    [aula_id] => 6
    [cantidad_pc] => 12
    [carrera] => asasdf
    [anio] => 2
    [materia] => sdfgsdgfs
    [profesor] => asdqq
    [hora_inicio] => 08:00
    [hora_fin] => 10:00
    [telefono_contacto] => 123412431243
    [comentarios] => 
)

[2025-10-14 10:04:51] Reservation saved successfully.
[2025-10-14 10:19:12] Request received.
[2025-10-14 10:19:12] Request data: Array
(
    [tipo_reserva] => Laboratorio Ambulante
    [fecha] => 2025-10-16
    [entidad_id] => 6
    [aula_id] => 2
    [cantidad_pc] => 123
    [carrera] => sdfasdf
    [anio] => 3
    [materia] => sasfdas
    [profesor] => asfasfd
    [hora_inicio] => 08:00
    [hora_fin] => 11:00
    [telefono_contacto] => 1231231234
    [comentarios] => 
)

[2025-10-14 10:19:12] Reservation saved successfully.
[2025-10-14 10:21:20] Request received.
[2025-10-14 10:21:20] Request data: Array
(
    [tipo_reserva] => Laboratorio Ambulante
    [fecha] => 2025-10-15
    [entidad_id] => 4
    [aula_id] => 5
    [cantidad_pc] => 12
    [carrera] => asdfasdf
    [anio] => 1
    [materia] => asdasdf
    [profesor] => sdfgsdgf
    [hora_inicio] => 09:00
    [hora_fin] => 10:00
    [telefono_contacto] => 123123123
    [comentarios] => 
)

[2025-10-14 10:21:21] Reservation saved successfully.
[2025-10-14 10:42:51] Request received.
[2025-10-14 10:42:51] Request data: Array
(
    [fecha] => 2025-10-16
    [tipo_reserva] => Laboratorio Ambulante
    [entidad_id] => 6
    [aula_id] => 4
    [cantidad_pc] => 12
    [carrera] => qwfdqdf
    [anio] => 1
    [materia] => asdfasfd
    [profesor] => sdfsdgs
    [hora_inicio] => 10:00
    [hora_fin] => 12:00
    [telefono_contacto] => 12431241241
    [comentarios] => 
)

[2025-10-14 10:42:52] Reservation saved successfully.
